{"D:\\FactSet\\grid-view-burak\\src\\components\\Grid\\GridComponent.vue": {"path":"D:\\FactSet\\grid-view-burak\\src\\components\\Grid\\GridComponent.vue","all":false,"statementMap":{"0":{"start":{"line":1,"column":0},"end":{"line":1,"column":10}},"1":{"start":{"line":2,"column":0},"end":{"line":2,"column":25}},"2":{"start":{"line":3,"column":0},"end":{"line":3,"column":26}},"3":{"start":{"line":4,"column":0},"end":{"line":4,"column":58}},"4":{"start":{"line":5,"column":0},"end":{"line":5,"column":54}},"5":{"start":{"line":6,"column":0},"end":{"line":6,"column":23}},"6":{"start":{"line":7,"column":0},"end":{"line":7,"column":7}},"7":{"start":{"line":8,"column":0},"end":{"line":8,"column":39}},"8":{"start":{"line":9,"column":0},"end":{"line":9,"column":63}},"9":{"start":{"line":10,"column":0},"end":{"line":10,"column":56}},"10":{"start":{"line":11,"column":0},"end":{"line":11,"column":29}},"11":{"start":{"line":12,"column":0},"end":{"line":12,"column":47}},"12":{"start":{"line":13,"column":0},"end":{"line":13,"column":47}},"13":{"start":{"line":14,"column":0},"end":{"line":14,"column":23}},"14":{"start":{"line":15,"column":0},"end":{"line":15,"column":77}},"15":{"start":{"line":16,"column":0},"end":{"line":16,"column":78}},"16":{"start":{"line":17,"column":0},"end":{"line":17,"column":16}},"17":{"start":{"line":18,"column":0},"end":{"line":18,"column":13}},"18":{"start":{"line":19,"column":0},"end":{"line":19,"column":75}},"19":{"start":{"line":20,"column":0},"end":{"line":20,"column":44}},"20":{"start":{"line":21,"column":0},"end":{"line":21,"column":21}},"21":{"start":{"line":22,"column":0},"end":{"line":22,"column":52}},"22":{"start":{"line":23,"column":0},"end":{"line":23,"column":31}},"23":{"start":{"line":24,"column":0},"end":{"line":24,"column":60}},"24":{"start":{"line":25,"column":0},"end":{"line":25,"column":60}},"25":{"start":{"line":26,"column":0},"end":{"line":26,"column":24}},"26":{"start":{"line":27,"column":0},"end":{"line":27,"column":20}},"27":{"start":{"line":28,"column":0},"end":{"line":28,"column":17}},"28":{"start":{"line":29,"column":0},"end":{"line":29,"column":21}},"29":{"start":{"line":30,"column":0},"end":{"line":30,"column":19}},"30":{"start":{"line":31,"column":0},"end":{"line":31,"column":25}},"31":{"start":{"line":32,"column":0},"end":{"line":32,"column":63}},"32":{"start":{"line":33,"column":0},"end":{"line":33,"column":56}},"33":{"start":{"line":34,"column":0},"end":{"line":34,"column":29}},"34":{"start":{"line":35,"column":0},"end":{"line":35,"column":47}},"35":{"start":{"line":36,"column":0},"end":{"line":36,"column":47}},"36":{"start":{"line":37,"column":0},"end":{"line":37,"column":23}},"37":{"start":{"line":38,"column":0},"end":{"line":38,"column":75}},"38":{"start":{"line":39,"column":0},"end":{"line":39,"column":76}},"39":{"start":{"line":40,"column":0},"end":{"line":40,"column":16}},"40":{"start":{"line":41,"column":0},"end":{"line":41,"column":13}},"41":{"start":{"line":42,"column":0},"end":{"line":42,"column":75}},"42":{"start":{"line":43,"column":0},"end":{"line":43,"column":31}},"43":{"start":{"line":44,"column":0},"end":{"line":44,"column":20}},"44":{"start":{"line":45,"column":0},"end":{"line":45,"column":17}},"45":{"start":{"line":46,"column":0},"end":{"line":46,"column":21}},"46":{"start":{"line":47,"column":0},"end":{"line":47,"column":19}},"47":{"start":{"line":48,"column":0},"end":{"line":48,"column":11}},"48":{"start":{"line":49,"column":0},"end":{"line":49,"column":12}},"49":{"start":{"line":50,"column":0},"end":{"line":50,"column":8}},"50":{"start":{"line":51,"column":0},"end":{"line":51,"column":11}},"51":{"start":{"line":52,"column":0},"end":{"line":52,"column":0}},"52":{"start":{"line":53,"column":0},"end":{"line":53,"column":18}},"53":{"start":{"line":54,"column":0},"end":{"line":54,"column":40}},"54":{"start":{"line":55,"column":0},"end":{"line":55,"column":49}},"55":{"start":{"line":56,"column":0},"end":{"line":56,"column":46}},"56":{"start":{"line":57,"column":0},"end":{"line":57,"column":8}},"57":{"start":{"line":58,"column":0},"end":{"line":58,"column":14}},"58":{"start":{"line":59,"column":0},"end":{"line":59,"column":11}},"59":{"start":{"line":60,"column":0},"end":{"line":60,"column":15}},"60":{"start":{"line":61,"column":0},"end":{"line":61,"column":11}},"61":{"start":{"line":62,"column":0},"end":{"line":62,"column":12}},"62":{"start":{"line":63,"column":0},"end":{"line":63,"column":10}},"63":{"start":{"line":64,"column":0},"end":{"line":64,"column":10}},"64":{"start":{"line":65,"column":0},"end":{"line":65,"column":14}},"65":{"start":{"line":66,"column":0},"end":{"line":66,"column":21}},"66":{"start":{"line":67,"column":0},"end":{"line":67,"column":8}},"67":{"start":{"line":68,"column":0},"end":{"line":68,"column":30}},"68":{"start":{"line":69,"column":0},"end":{"line":69,"column":0}},"69":{"start":{"line":70,"column":0},"end":{"line":70,"column":64}},"70":{"start":{"line":71,"column":0},"end":{"line":71,"column":60}},"71":{"start":{"line":72,"column":0},"end":{"line":72,"column":101}},"72":{"start":{"line":73,"column":0},"end":{"line":73,"column":24}},"73":{"start":{"line":74,"column":0},"end":{"line":74,"column":1}},"74":{"start":{"line":75,"column":0},"end":{"line":75,"column":0}},"75":{"start":{"line":76,"column":0},"end":{"line":76,"column":32}},"76":{"start":{"line":77,"column":0},"end":{"line":77,"column":10}},"77":{"start":{"line":78,"column":0},"end":{"line":78,"column":37}},"78":{"start":{"line":79,"column":0},"end":{"line":79,"column":4}},"79":{"start":{"line":80,"column":0},"end":{"line":80,"column":17}},"80":{"start":{"line":81,"column":0},"end":{"line":81,"column":49}},"81":{"start":{"line":82,"column":0},"end":{"line":82,"column":34}},"82":{"start":{"line":83,"column":0},"end":{"line":83,"column":0}},"83":{"start":{"line":84,"column":0},"end":{"line":84,"column":61}},"84":{"start":{"line":85,"column":0},"end":{"line":85,"column":60}},"85":{"start":{"line":86,"column":0},"end":{"line":86,"column":6}},"86":{"start":{"line":87,"column":0},"end":{"line":87,"column":0}},"87":{"start":{"line":88,"column":0},"end":{"line":88,"column":66}},"88":{"start":{"line":89,"column":0},"end":{"line":89,"column":87}},"89":{"start":{"line":90,"column":0},"end":{"line":90,"column":68}},"90":{"start":{"line":91,"column":0},"end":{"line":91,"column":5}},"91":{"start":{"line":92,"column":0},"end":{"line":92,"column":0}},"92":{"start":{"line":93,"column":0},"end":{"line":93,"column":69}},"93":{"start":{"line":94,"column":0},"end":{"line":94,"column":87}},"94":{"start":{"line":95,"column":0},"end":{"line":95,"column":56}},"95":{"start":{"line":96,"column":0},"end":{"line":96,"column":5}},"96":{"start":{"line":97,"column":0},"end":{"line":97,"column":0}},"97":{"start":{"line":98,"column":0},"end":{"line":98,"column":65}},"98":{"start":{"line":99,"column":0},"end":{"line":99,"column":40}},"99":{"start":{"line":100,"column":0},"end":{"line":100,"column":43}},"100":{"start":{"line":101,"column":0},"end":{"line":101,"column":38}},"101":{"start":{"line":102,"column":0},"end":{"line":102,"column":95}},"102":{"start":{"line":103,"column":0},"end":{"line":103,"column":7}},"103":{"start":{"line":104,"column":0},"end":{"line":104,"column":5}},"104":{"start":{"line":105,"column":0},"end":{"line":105,"column":0}},"105":{"start":{"line":106,"column":0},"end":{"line":106,"column":12}},"106":{"start":{"line":107,"column":0},"end":{"line":107,"column":14}},"107":{"start":{"line":108,"column":0},"end":{"line":108,"column":15}},"108":{"start":{"line":109,"column":0},"end":{"line":109,"column":19}},"109":{"start":{"line":110,"column":0},"end":{"line":110,"column":15}},"110":{"start":{"line":111,"column":0},"end":{"line":111,"column":16}},"111":{"start":{"line":112,"column":0},"end":{"line":112,"column":14}},"112":{"start":{"line":113,"column":0},"end":{"line":113,"column":14}},"113":{"start":{"line":114,"column":0},"end":{"line":114,"column":18}},"114":{"start":{"line":115,"column":0},"end":{"line":115,"column":25}},"115":{"start":{"line":116,"column":0},"end":{"line":116,"column":24}},"116":{"start":{"line":117,"column":0},"end":{"line":117,"column":5}},"117":{"start":{"line":118,"column":0},"end":{"line":118,"column":3}},"118":{"start":{"line":119,"column":0},"end":{"line":119,"column":2}},"119":{"start":{"line":120,"column":0},"end":{"line":120,"column":9}},"120":{"start":{"line":121,"column":0},"end":{"line":121,"column":0}},"121":{"start":{"line":122,"column":0},"end":{"line":122,"column":14}},"122":{"start":{"line":123,"column":0},"end":{"line":123,"column":8}},"123":{"start":{"line":124,"column":0},"end":{"line":124,"column":24}},"124":{"start":{"line":125,"column":0},"end":{"line":125,"column":25}},"125":{"start":{"line":126,"column":0},"end":{"line":126,"column":11}},"126":{"start":{"line":127,"column":0},"end":{"line":127,"column":12}},"127":{"start":{"line":128,"column":0},"end":{"line":128,"column":19}},"128":{"start":{"line":129,"column":0},"end":{"line":129,"column":16}},"129":{"start":{"line":130,"column":0},"end":{"line":130,"column":1}},"130":{"start":{"line":131,"column":0},"end":{"line":131,"column":0}},"131":{"start":{"line":132,"column":0},"end":{"line":132,"column":12}},"132":{"start":{"line":133,"column":0},"end":{"line":133,"column":37}},"133":{"start":{"line":134,"column":0},"end":{"line":134,"column":38}},"134":{"start":{"line":135,"column":0},"end":{"line":135,"column":27}},"135":{"start":{"line":136,"column":0},"end":{"line":136,"column":1}},"136":{"start":{"line":137,"column":0},"end":{"line":137,"column":0}},"137":{"start":{"line":138,"column":0},"end":{"line":138,"column":12}},"138":{"start":{"line":139,"column":0},"end":{"line":139,"column":37}},"139":{"start":{"line":140,"column":0},"end":{"line":140,"column":38}},"140":{"start":{"line":141,"column":0},"end":{"line":141,"column":24}},"141":{"start":{"line":142,"column":0},"end":{"line":142,"column":1}},"142":{"start":{"line":143,"column":0},"end":{"line":143,"column":8}}},"s":{"0":675,"1":1,"2":1,"3":1,"4":1,"5":1,"6":1,"7":1,"8":1,"9":1,"10":1,"11":1,"12":1,"13":1,"14":1,"15":1,"16":1,"17":1,"18":1,"19":1,"20":1,"21":1,"22":1,"23":1,"24":1,"25":1,"26":1,"27":1,"28":1,"29":1,"30":1,"31":1,"32":1,"33":1,"34":1,"35":1,"36":1,"37":1,"38":1,"39":1,"40":1,"41":1,"42":1,"43":1,"44":1,"45":1,"46":1,"47":1,"48":1,"49":1,"50":1,"51":1,"52":1,"53":1,"54":1,"55":1,"56":1,"57":1,"58":1,"59":1,"60":1,"61":1,"62":1,"63":1,"64":1,"65":1,"66":1,"67":1,"68":1,"69":1,"70":1,"71":1,"72":1,"73":1,"74":1,"75":1,"76":1,"77":1,"78":1,"79":1,"80":1,"81":1,"82":1,"83":1,"84":1,"85":1,"86":1,"87":1,"88":1,"89":1,"90":1,"91":1,"92":1,"93":1,"94":1,"95":1,"96":1,"97":1,"98":1,"99":1,"100":1,"101":1,"102":1,"103":1,"104":1,"105":1,"106":1,"107":1,"108":1,"109":1,"110":1,"111":1,"112":1,"113":1,"114":1,"115":1,"116":1,"117":1,"118":1,"119":1,"120":1,"121":1,"122":1,"123":1,"124":1,"125":1,"126":1,"127":1,"128":1,"129":1,"130":1,"131":1,"132":1,"133":1,"134":1,"135":1,"136":1,"137":1,"138":1,"139":1,"140":1,"141":1,"142":1},"branchMap":{"0":{"type":"branch","line":1,"loc":{"start":{"line":1,"column":0},"end":{"line":1,"column":10}},"locations":[{"start":{"line":1,"column":0},"end":{"line":1,"column":10}}]},"1":{"type":"branch","line":1,"loc":{"start":{"line":1,"column":0},"end":{"line":1,"column":10}},"locations":[{"start":{"line":1,"column":0},"end":{"line":1,"column":10}}]},"2":{"type":"branch","line":1,"loc":{"start":{"line":1,"column":0},"end":{"line":1,"column":10}},"locations":[{"start":{"line":1,"column":0},"end":{"line":1,"column":10}}]},"3":{"type":"branch","line":1,"loc":{"start":{"line":1,"column":0},"end":{"line":1,"column":10}},"locations":[{"start":{"line":1,"column":0},"end":{"line":1,"column":10}}]},"4":{"type":"branch","line":1,"loc":{"start":{"line":1,"column":0},"end":{"line":1,"column":10}},"locations":[{"start":{"line":1,"column":0},"end":{"line":1,"column":10}}]},"5":{"type":"branch","line":1,"loc":{"start":{"line":1,"column":0},"end":{"line":1,"column":10}},"locations":[{"start":{"line":1,"column":0},"end":{"line":1,"column":10}}]},"6":{"type":"branch","line":1,"loc":{"start":{"line":1,"column":0},"end":{"line":1,"column":10}},"locations":[{"start":{"line":1,"column":0},"end":{"line":1,"column":10}}]},"7":{"type":"branch","line":1,"loc":{"start":{"line":1,"column":0},"end":{"line":1,"column":10}},"locations":[{"start":{"line":1,"column":0},"end":{"line":1,"column":10}}]},"8":{"type":"branch","line":1,"loc":{"start":{"line":1,"column":0},"end":{"line":1,"column":10}},"locations":[{"start":{"line":1,"column":0},"end":{"line":1,"column":10}}]},"9":{"type":"branch","line":1,"loc":{"start":{"line":1,"column":0},"end":{"line":1,"column":10}},"locations":[{"start":{"line":1,"column":0},"end":{"line":1,"column":10}}]},"10":{"type":"branch","line":1,"loc":{"start":{"line":1,"column":0},"end":{"line":1,"column":10}},"locations":[{"start":{"line":1,"column":0},"end":{"line":1,"column":10}}]},"11":{"type":"branch","line":1,"loc":{"start":{"line":1,"column":0},"end":{"line":1,"column":10}},"locations":[{"start":{"line":1,"column":0},"end":{"line":1,"column":10}}]},"12":{"type":"branch","line":1,"loc":{"start":{"line":1,"column":0},"end":{"line":1,"column":10}},"locations":[{"start":{"line":1,"column":0},"end":{"line":1,"column":10}}]},"13":{"type":"branch","line":1,"loc":{"start":{"line":1,"column":0},"end":{"line":1,"column":10}},"locations":[{"start":{"line":1,"column":0},"end":{"line":1,"column":10}}]},"14":{"type":"branch","line":1,"loc":{"start":{"line":1,"column":0},"end":{"line":1,"column":10}},"locations":[{"start":{"line":1,"column":0},"end":{"line":1,"column":10}}]},"15":{"type":"branch","line":1,"loc":{"start":{"line":1,"column":0},"end":{"line":1,"column":10}},"locations":[{"start":{"line":1,"column":0},"end":{"line":1,"column":10}}]}},"b":{"0":[57],"1":[0],"2":[45],"3":[12],"4":[810],"5":[135],"6":[675],"7":[585],"8":[540],"9":[270],"10":[270],"11":[45],"12":[4],"13":[5400],"14":[4725],"15":[675]},"fnMap":{"0":{"name":"render","decl":{"start":{"line":1,"column":0},"end":{"line":1,"column":10}},"loc":{"start":{"line":1,"column":0},"end":{"line":1,"column":10}},"line":1},"1":{"name":"click","decl":{"start":{"line":1,"column":0},"end":{"line":1,"column":10}},"loc":{"start":{"line":1,"column":0},"end":{"line":1,"column":10}},"line":1}},"f":{"0":57,"1":4}}
,"D:\\FactSet\\grid-view-burak\\src\\components\\Grid\\functions\\functions.ts": {"path":"D:\\FactSet\\grid-view-burak\\src\\components\\Grid\\functions\\functions.ts","all":false,"statementMap":{"0":{"start":{"line":1,"column":0},"end":{"line":1,"column":46}},"1":{"start":{"line":2,"column":0},"end":{"line":2,"column":0}},"2":{"start":{"line":3,"column":0},"end":{"line":3,"column":64}},"3":{"start":{"line":4,"column":0},"end":{"line":4,"column":60}},"4":{"start":{"line":5,"column":0},"end":{"line":5,"column":101}},"5":{"start":{"line":6,"column":0},"end":{"line":6,"column":24}},"6":{"start":{"line":7,"column":0},"end":{"line":7,"column":1}},"7":{"start":{"line":8,"column":0},"end":{"line":8,"column":0}},"8":{"start":{"line":9,"column":0},"end":{"line":9,"column":82}},"9":{"start":{"line":10,"column":0},"end":{"line":10,"column":20}},"10":{"start":{"line":11,"column":0},"end":{"line":11,"column":0}},"11":{"start":{"line":12,"column":0},"end":{"line":12,"column":14}},"12":{"start":{"line":13,"column":0},"end":{"line":13,"column":19}},"13":{"start":{"line":14,"column":0},"end":{"line":14,"column":58}},"14":{"start":{"line":15,"column":0},"end":{"line":15,"column":48}},"15":{"start":{"line":16,"column":0},"end":{"line":16,"column":34}},"16":{"start":{"line":17,"column":0},"end":{"line":17,"column":91}},"17":{"start":{"line":18,"column":0},"end":{"line":18,"column":44}},"18":{"start":{"line":19,"column":0},"end":{"line":19,"column":86}},"19":{"start":{"line":20,"column":0},"end":{"line":20,"column":11}},"20":{"start":{"line":21,"column":0},"end":{"line":21,"column":10}},"21":{"start":{"line":22,"column":0},"end":{"line":22,"column":7}},"22":{"start":{"line":23,"column":0},"end":{"line":23,"column":6}},"23":{"start":{"line":24,"column":0},"end":{"line":24,"column":3}},"24":{"start":{"line":25,"column":0},"end":{"line":25,"column":0}},"25":{"start":{"line":26,"column":0},"end":{"line":26,"column":16}},"26":{"start":{"line":27,"column":0},"end":{"line":27,"column":1}},"27":{"start":{"line":28,"column":0},"end":{"line":28,"column":0}},"28":{"start":{"line":29,"column":0},"end":{"line":29,"column":36}},"29":{"start":{"line":30,"column":0},"end":{"line":30,"column":35}},"30":{"start":{"line":31,"column":0},"end":{"line":31,"column":1}},"31":{"start":{"line":32,"column":0},"end":{"line":32,"column":0}},"32":{"start":{"line":33,"column":0},"end":{"line":33,"column":40}},"33":{"start":{"line":34,"column":0},"end":{"line":34,"column":56}},"34":{"start":{"line":35,"column":0},"end":{"line":35,"column":1}},"35":{"start":{"line":36,"column":0},"end":{"line":36,"column":0}},"36":{"start":{"line":37,"column":0},"end":{"line":37,"column":62}},"37":{"start":{"line":38,"column":0},"end":{"line":38,"column":98}},"38":{"start":{"line":39,"column":0},"end":{"line":39,"column":33}},"39":{"start":{"line":40,"column":0},"end":{"line":40,"column":42}},"40":{"start":{"line":41,"column":0},"end":{"line":41,"column":42}},"41":{"start":{"line":42,"column":0},"end":{"line":42,"column":71}},"42":{"start":{"line":43,"column":0},"end":{"line":43,"column":1}},"43":{"start":{"line":44,"column":0},"end":{"line":44,"column":0}},"44":{"start":{"line":45,"column":0},"end":{"line":45,"column":73}},"45":{"start":{"line":46,"column":0},"end":{"line":46,"column":34}},"46":{"start":{"line":47,"column":0},"end":{"line":47,"column":0}},"47":{"start":{"line":48,"column":0},"end":{"line":48,"column":56}},"48":{"start":{"line":49,"column":0},"end":{"line":49,"column":80}},"49":{"start":{"line":50,"column":0},"end":{"line":50,"column":40}},"50":{"start":{"line":51,"column":0},"end":{"line":51,"column":56}},"51":{"start":{"line":52,"column":0},"end":{"line":52,"column":5}},"52":{"start":{"line":53,"column":0},"end":{"line":53,"column":10}},"53":{"start":{"line":54,"column":0},"end":{"line":54,"column":41}},"54":{"start":{"line":55,"column":0},"end":{"line":55,"column":3}},"55":{"start":{"line":56,"column":0},"end":{"line":56,"column":1}},"56":{"start":{"line":57,"column":0},"end":{"line":57,"column":0}},"57":{"start":{"line":58,"column":0},"end":{"line":58,"column":93}},"58":{"start":{"line":59,"column":0},"end":{"line":59,"column":72}},"59":{"start":{"line":60,"column":0},"end":{"line":60,"column":0}},"60":{"start":{"line":61,"column":0},"end":{"line":61,"column":34}},"61":{"start":{"line":62,"column":0},"end":{"line":62,"column":0}},"62":{"start":{"line":63,"column":0},"end":{"line":63,"column":56}},"63":{"start":{"line":64,"column":0},"end":{"line":64,"column":80}},"64":{"start":{"line":65,"column":0},"end":{"line":65,"column":40}},"65":{"start":{"line":66,"column":0},"end":{"line":66,"column":72}},"66":{"start":{"line":67,"column":0},"end":{"line":67,"column":5}},"67":{"start":{"line":68,"column":0},"end":{"line":68,"column":10}},"68":{"start":{"line":69,"column":0},"end":{"line":69,"column":57}},"69":{"start":{"line":70,"column":0},"end":{"line":70,"column":3}},"70":{"start":{"line":71,"column":0},"end":{"line":71,"column":1}},"71":{"start":{"line":72,"column":0},"end":{"line":72,"column":0}},"72":{"start":{"line":73,"column":0},"end":{"line":73,"column":57}},"73":{"start":{"line":74,"column":0},"end":{"line":74,"column":51}},"74":{"start":{"line":75,"column":0},"end":{"line":75,"column":1}},"75":{"start":{"line":76,"column":0},"end":{"line":76,"column":0}},"76":{"start":{"line":77,"column":0},"end":{"line":77,"column":57}},"77":{"start":{"line":78,"column":0},"end":{"line":78,"column":51}},"78":{"start":{"line":79,"column":0},"end":{"line":79,"column":1}},"79":{"start":{"line":80,"column":0},"end":{"line":80,"column":0}},"80":{"start":{"line":81,"column":0},"end":{"line":81,"column":53}},"81":{"start":{"line":82,"column":0},"end":{"line":82,"column":48}},"82":{"start":{"line":83,"column":0},"end":{"line":83,"column":1}},"83":{"start":{"line":84,"column":0},"end":{"line":84,"column":0}},"84":{"start":{"line":85,"column":0},"end":{"line":85,"column":61}},"85":{"start":{"line":86,"column":0},"end":{"line":86,"column":41}},"86":{"start":{"line":87,"column":0},"end":{"line":87,"column":1}},"87":{"start":{"line":88,"column":0},"end":{"line":88,"column":0}},"88":{"start":{"line":89,"column":0},"end":{"line":89,"column":68}},"89":{"start":{"line":90,"column":0},"end":{"line":90,"column":36}},"90":{"start":{"line":91,"column":0},"end":{"line":91,"column":85}},"91":{"start":{"line":92,"column":0},"end":{"line":92,"column":40}},"92":{"start":{"line":93,"column":0},"end":{"line":93,"column":18}},"93":{"start":{"line":94,"column":0},"end":{"line":94,"column":5}},"94":{"start":{"line":95,"column":0},"end":{"line":95,"column":16}},"95":{"start":{"line":96,"column":0},"end":{"line":96,"column":3}},"96":{"start":{"line":97,"column":0},"end":{"line":97,"column":1}},"97":{"start":{"line":98,"column":0},"end":{"line":98,"column":0}},"98":{"start":{"line":99,"column":0},"end":{"line":99,"column":82}},"99":{"start":{"line":100,"column":0},"end":{"line":100,"column":86}},"100":{"start":{"line":101,"column":0},"end":{"line":101,"column":97}},"101":{"start":{"line":102,"column":0},"end":{"line":102,"column":40}},"102":{"start":{"line":103,"column":0},"end":{"line":103,"column":20}},"103":{"start":{"line":104,"column":0},"end":{"line":104,"column":14}},"104":{"start":{"line":105,"column":0},"end":{"line":105,"column":19}},"105":{"start":{"line":106,"column":0},"end":{"line":106,"column":12}},"106":{"start":{"line":107,"column":0},"end":{"line":107,"column":15}},"107":{"start":{"line":108,"column":0},"end":{"line":108,"column":21}},"108":{"start":{"line":109,"column":0},"end":{"line":109,"column":3}},"109":{"start":{"line":110,"column":0},"end":{"line":110,"column":0}},"110":{"start":{"line":111,"column":0},"end":{"line":111,"column":21}},"111":{"start":{"line":112,"column":0},"end":{"line":112,"column":0}},"112":{"start":{"line":113,"column":0},"end":{"line":113,"column":52}},"113":{"start":{"line":114,"column":0},"end":{"line":114,"column":26}},"114":{"start":{"line":115,"column":0},"end":{"line":115,"column":33}},"115":{"start":{"line":116,"column":0},"end":{"line":116,"column":34}},"116":{"start":{"line":117,"column":0},"end":{"line":117,"column":77}},"117":{"start":{"line":118,"column":0},"end":{"line":118,"column":28}},"118":{"start":{"line":119,"column":0},"end":{"line":119,"column":16}},"119":{"start":{"line":120,"column":0},"end":{"line":120,"column":23}},"120":{"start":{"line":121,"column":0},"end":{"line":121,"column":14}},"121":{"start":{"line":122,"column":0},"end":{"line":122,"column":17}},"122":{"start":{"line":123,"column":0},"end":{"line":123,"column":71}},"123":{"start":{"line":124,"column":0},"end":{"line":124,"column":73}},"124":{"start":{"line":125,"column":0},"end":{"line":125,"column":72}},"125":{"start":{"line":126,"column":0},"end":{"line":126,"column":35}},"126":{"start":{"line":127,"column":0},"end":{"line":127,"column":25}},"127":{"start":{"line":128,"column":0},"end":{"line":128,"column":48}},"128":{"start":{"line":129,"column":0},"end":{"line":129,"column":41}},"129":{"start":{"line":130,"column":0},"end":{"line":130,"column":25}},"130":{"start":{"line":131,"column":0},"end":{"line":131,"column":49}},"131":{"start":{"line":132,"column":0},"end":{"line":132,"column":40}},"132":{"start":{"line":133,"column":0},"end":{"line":133,"column":26}},"133":{"start":{"line":134,"column":0},"end":{"line":134,"column":16}},"134":{"start":{"line":135,"column":0},"end":{"line":135,"column":55}},"135":{"start":{"line":136,"column":0},"end":{"line":136,"column":27}},"136":{"start":{"line":137,"column":0},"end":{"line":137,"column":62}},"137":{"start":{"line":138,"column":0},"end":{"line":138,"column":28}},"138":{"start":{"line":139,"column":0},"end":{"line":139,"column":18}},"139":{"start":{"line":140,"column":0},"end":{"line":140,"column":27}},"140":{"start":{"line":141,"column":0},"end":{"line":141,"column":11}},"141":{"start":{"line":142,"column":0},"end":{"line":142,"column":0}},"142":{"start":{"line":143,"column":0},"end":{"line":143,"column":64}},"143":{"start":{"line":144,"column":0},"end":{"line":144,"column":30}},"144":{"start":{"line":145,"column":0},"end":{"line":145,"column":38}},"145":{"start":{"line":146,"column":0},"end":{"line":146,"column":11}},"146":{"start":{"line":147,"column":0},"end":{"line":147,"column":9}},"147":{"start":{"line":148,"column":0},"end":{"line":148,"column":14}},"148":{"start":{"line":149,"column":0},"end":{"line":149,"column":5}},"149":{"start":{"line":150,"column":0},"end":{"line":150,"column":0}},"150":{"start":{"line":151,"column":0},"end":{"line":151,"column":22}},"151":{"start":{"line":152,"column":0},"end":{"line":152,"column":4}},"152":{"start":{"line":153,"column":0},"end":{"line":153,"column":0}},"153":{"start":{"line":154,"column":0},"end":{"line":154,"column":15}},"154":{"start":{"line":155,"column":0},"end":{"line":155,"column":1}}},"s":{"0":1,"1":1,"2":1,"3":1,"4":1,"5":1,"6":1,"7":1,"8":1,"9":15,"10":15,"11":15,"12":15,"13":15,"14":15,"15":270,"16":270,"17":195,"18":195,"19":195,"20":270,"21":270,"22":15,"23":15,"24":15,"25":15,"26":15,"27":1,"28":1,"29":16519,"30":16519,"31":1,"32":1,"33":1072,"34":1072,"35":1,"36":1,"37":1011,"38":1011,"39":1011,"40":1011,"41":1011,"42":1011,"43":1,"44":1,"45":5987,"46":5987,"47":5987,"48":587,"49":587,"50":587,"51":587,"52":5987,"53":5987,"54":5987,"55":5987,"56":1,"57":1,"58":10532,"59":10532,"60":10532,"61":10532,"62":10532,"63":1082,"64":1082,"65":1082,"66":1082,"67":10532,"68":10532,"69":10532,"70":10532,"71":1,"72":1,"73":6276,"74":6276,"75":1,"76":1,"77":6276,"78":6276,"79":1,"80":1,"81":5265,"82":5265,"83":1,"84":1,"85":5265,"86":5265,"87":1,"88":1,"89":273,"90":273,"91":273,"92":273,"93":273,"94":273,"95":273,"96":273,"97":1,"98":1,"99":4,"100":4,"101":4,"102":4,"103":4,"104":4,"105":4,"106":4,"107":0,"108":4,"109":4,"110":4,"111":4,"112":4,"113":134,"114":134,"115":134,"116":134,"117":134,"118":134,"119":28,"120":28,"121":134,"122":106,"123":106,"124":106,"125":15,"126":15,"127":106,"128":21,"129":21,"130":106,"131":4,"132":4,"133":106,"134":106,"135":5,"136":106,"137":57,"138":106,"139":106,"140":106,"141":106,"142":106,"143":106,"144":106,"145":106,"146":106,"147":106,"148":134,"149":134,"150":134,"151":4,"152":4,"153":4,"154":4},"branchMap":{"0":{"type":"branch","line":9,"loc":{"start":{"line":9,"column":27},"end":{"line":27,"column":1}},"locations":[{"start":{"line":9,"column":27},"end":{"line":27,"column":1}}]},"1":{"type":"branch","line":15,"loc":{"start":{"line":15,"column":33},"end":{"line":23,"column":5}},"locations":[{"start":{"line":15,"column":33},"end":{"line":23,"column":5}}]},"2":{"type":"branch","line":17,"loc":{"start":{"line":17,"column":53},"end":{"line":21,"column":9}},"locations":[{"start":{"line":17,"column":53},"end":{"line":21,"column":9}}]},"3":{"type":"branch","line":29,"loc":{"start":{"line":29,"column":17},"end":{"line":31,"column":1}},"locations":[{"start":{"line":29,"column":17},"end":{"line":31,"column":1}}]},"4":{"type":"branch","line":33,"loc":{"start":{"line":33,"column":25},"end":{"line":35,"column":1}},"locations":[{"start":{"line":33,"column":25},"end":{"line":35,"column":1}}]},"5":{"type":"branch","line":37,"loc":{"start":{"line":37,"column":28},"end":{"line":43,"column":1}},"locations":[{"start":{"line":37,"column":28},"end":{"line":43,"column":1}}]},"6":{"type":"branch","line":42,"loc":{"start":{"line":42,"column":20},"end":{"line":42,"column":37}},"locations":[{"start":{"line":42,"column":20},"end":{"line":42,"column":37}}]},"7":{"type":"branch","line":42,"loc":{"start":{"line":42,"column":37},"end":{"line":42,"column":71}},"locations":[{"start":{"line":42,"column":37},"end":{"line":42,"column":71}}]},"8":{"type":"branch","line":42,"loc":{"start":{"line":42,"column":53},"end":{"line":42,"column":70}},"locations":[{"start":{"line":42,"column":53},"end":{"line":42,"column":70}}]},"9":{"type":"branch","line":45,"loc":{"start":{"line":45,"column":24},"end":{"line":56,"column":1}},"locations":[{"start":{"line":45,"column":24},"end":{"line":56,"column":1}}]},"10":{"type":"branch","line":48,"loc":{"start":{"line":48,"column":55},"end":{"line":53,"column":9}},"locations":[{"start":{"line":48,"column":55},"end":{"line":53,"column":9}}]},"11":{"type":"branch","line":58,"loc":{"start":{"line":58,"column":25},"end":{"line":71,"column":1}},"locations":[{"start":{"line":58,"column":25},"end":{"line":71,"column":1}}]},"12":{"type":"branch","line":59,"loc":{"start":{"line":59,"column":50},"end":{"line":59,"column":61}},"locations":[{"start":{"line":59,"column":50},"end":{"line":59,"column":61}}]},"13":{"type":"branch","line":59,"loc":{"start":{"line":59,"column":61},"end":{"line":59,"column":72}},"locations":[{"start":{"line":59,"column":61},"end":{"line":59,"column":72}}]},"14":{"type":"branch","line":63,"loc":{"start":{"line":63,"column":55},"end":{"line":68,"column":9}},"locations":[{"start":{"line":63,"column":55},"end":{"line":68,"column":9}}]},"15":{"type":"branch","line":69,"loc":{"start":{"line":69,"column":40},"end":{"line":69,"column":57}},"locations":[{"start":{"line":69,"column":40},"end":{"line":69,"column":57}}]},"16":{"type":"branch","line":73,"loc":{"start":{"line":73,"column":23},"end":{"line":75,"column":1}},"locations":[{"start":{"line":73,"column":23},"end":{"line":75,"column":1}}]},"17":{"type":"branch","line":74,"loc":{"start":{"line":74,"column":30},"end":{"line":74,"column":51}},"locations":[{"start":{"line":74,"column":30},"end":{"line":74,"column":51}}]},"18":{"type":"branch","line":77,"loc":{"start":{"line":77,"column":23},"end":{"line":79,"column":1}},"locations":[{"start":{"line":77,"column":23},"end":{"line":79,"column":1}}]},"19":{"type":"branch","line":78,"loc":{"start":{"line":78,"column":30},"end":{"line":78,"column":51}},"locations":[{"start":{"line":78,"column":30},"end":{"line":78,"column":51}}]},"20":{"type":"branch","line":81,"loc":{"start":{"line":81,"column":19},"end":{"line":83,"column":1}},"locations":[{"start":{"line":81,"column":19},"end":{"line":83,"column":1}}]},"21":{"type":"branch","line":82,"loc":{"start":{"line":82,"column":24},"end":{"line":82,"column":36}},"locations":[{"start":{"line":82,"column":24},"end":{"line":82,"column":36}}]},"22":{"type":"branch","line":82,"loc":{"start":{"line":82,"column":36},"end":{"line":82,"column":48}},"locations":[{"start":{"line":82,"column":36},"end":{"line":82,"column":48}}]},"23":{"type":"branch","line":85,"loc":{"start":{"line":85,"column":27},"end":{"line":87,"column":1}},"locations":[{"start":{"line":85,"column":27},"end":{"line":87,"column":1}}]},"24":{"type":"branch","line":89,"loc":{"start":{"line":89,"column":34},"end":{"line":97,"column":1}},"locations":[{"start":{"line":89,"column":34},"end":{"line":97,"column":1}}]},"25":{"type":"branch","line":99,"loc":{"start":{"line":99,"column":22},"end":{"line":155,"column":1}},"locations":[{"start":{"line":99,"column":22},"end":{"line":155,"column":1}}]},"26":{"type":"branch","line":107,"loc":{"start":{"line":107,"column":4},"end":{"line":108,"column":21}},"locations":[{"start":{"line":107,"column":4},"end":{"line":108,"column":21}}]},"27":{"type":"branch","line":113,"loc":{"start":{"line":113,"column":14},"end":{"line":152,"column":3}},"locations":[{"start":{"line":113,"column":14},"end":{"line":152,"column":3}}]},"28":{"type":"branch","line":117,"loc":{"start":{"line":117,"column":54},"end":{"line":117,"column":77}},"locations":[{"start":{"line":117,"column":54},"end":{"line":117,"column":77}}]},"29":{"type":"branch","line":119,"loc":{"start":{"line":119,"column":6},"end":{"line":121,"column":14}},"locations":[{"start":{"line":119,"column":6},"end":{"line":121,"column":14}}]},"30":{"type":"branch","line":122,"loc":{"start":{"line":122,"column":6},"end":{"line":148,"column":14}},"locations":[{"start":{"line":122,"column":6},"end":{"line":148,"column":14}}]},"31":{"type":"branch","line":125,"loc":{"start":{"line":125,"column":38},"end":{"line":125,"column":69}},"locations":[{"start":{"line":125,"column":38},"end":{"line":125,"column":69}}]},"32":{"type":"branch","line":125,"loc":{"start":{"line":125,"column":71},"end":{"line":128,"column":15}},"locations":[{"start":{"line":125,"column":71},"end":{"line":128,"column":15}}]},"33":{"type":"branch","line":128,"loc":{"start":{"line":128,"column":47},"end":{"line":131,"column":15}},"locations":[{"start":{"line":128,"column":47},"end":{"line":131,"column":15}}]},"34":{"type":"branch","line":131,"loc":{"start":{"line":131,"column":48},"end":{"line":134,"column":15}},"locations":[{"start":{"line":131,"column":48},"end":{"line":134,"column":15}}]},"35":{"type":"branch","line":135,"loc":{"start":{"line":135,"column":54},"end":{"line":137,"column":17}},"locations":[{"start":{"line":135,"column":54},"end":{"line":137,"column":17}}]},"36":{"type":"branch","line":137,"loc":{"start":{"line":137,"column":61},"end":{"line":139,"column":17}},"locations":[{"start":{"line":137,"column":61},"end":{"line":139,"column":17}}]}},"b":{"0":[15],"1":[270],"2":[195],"3":[16519],"4":[1072],"5":[1011],"6":[301],"7":[710],"8":[77],"9":[5987],"10":[587],"11":[10532],"12":[5267],"13":[5265],"14":[1082],"15":[8100],"16":[6276],"17":[1551],"18":[6276],"19":[1551],"20":[5265],"21":[4095],"22":[1170],"23":[5265],"24":[273],"25":[4],"26":[0],"27":[134],"28":[126],"29":[28],"30":[106],"31":[36],"32":[15],"33":[21],"34":[4],"35":[5],"36":[57]},"fnMap":{"0":{"name":"createTable","decl":{"start":{"line":9,"column":27},"end":{"line":27,"column":1}},"loc":{"start":{"line":9,"column":27},"end":{"line":27,"column":1}},"line":9},"1":{"name":"columns","decl":{"start":{"line":29,"column":17},"end":{"line":31,"column":1}},"loc":{"start":{"line":29,"column":17},"end":{"line":31,"column":1}},"line":29},"2":{"name":"isHeader","decl":{"start":{"line":33,"column":25},"end":{"line":35,"column":1}},"loc":{"start":{"line":33,"column":25},"end":{"line":35,"column":1}},"line":33},"3":{"name":"isHeaderLeaf","decl":{"start":{"line":37,"column":28},"end":{"line":43,"column":1}},"loc":{"start":{"line":37,"column":28},"end":{"line":43,"column":1}},"line":37},"4":{"name":"isHidden","decl":{"start":{"line":45,"column":24},"end":{"line":56,"column":1}},"loc":{"start":{"line":45,"column":24},"end":{"line":56,"column":1}},"line":45},"5":{"name":"alignment","decl":{"start":{"line":58,"column":25},"end":{"line":71,"column":1}},"loc":{"start":{"line":58,"column":25},"end":{"line":71,"column":1}},"line":58},"6":{"name":"rowspan","decl":{"start":{"line":73,"column":23},"end":{"line":75,"column":1}},"loc":{"start":{"line":73,"column":23},"end":{"line":75,"column":1}},"line":73},"7":{"name":"colspan","decl":{"start":{"line":77,"column":23},"end":{"line":79,"column":1}},"loc":{"start":{"line":77,"column":23},"end":{"line":79,"column":1}},"line":77},"8":{"name":"groupLevel","decl":{"start":{"line":81,"column":19},"end":{"line":83,"column":1}},"loc":{"start":{"line":81,"column":19},"end":{"line":83,"column":1}},"line":81},"9":{"name":"leftPadding","decl":{"start":{"line":85,"column":27},"end":{"line":87,"column":1}},"loc":{"start":{"line":85,"column":27},"end":{"line":87,"column":1}},"line":85},"10":{"name":"sortDirectionClass","decl":{"start":{"line":89,"column":34},"end":{"line":97,"column":1}},"loc":{"start":{"line":89,"column":34},"end":{"line":97,"column":1}},"line":89},"11":{"name":"sorted","decl":{"start":{"line":99,"column":22},"end":{"line":155,"column":1}},"loc":{"start":{"line":99,"column":22},"end":{"line":155,"column":1}},"line":99}},"f":{"0":15,"1":16519,"2":1072,"3":1011,"4":5987,"5":10532,"6":6276,"7":6276,"8":5265,"9":5265,"10":273,"11":4}}
}
