TN:
SF:src\components\Grid\GridComponent.vue
FN:1,render
FN:1,click
FNF:2
FNH:2
FNDA:57,render
FNDA:4,click
DA:1,675
DA:2,1
DA:3,1
DA:4,1
DA:5,1
DA:6,1
DA:7,1
DA:8,1
DA:9,1
DA:10,1
DA:11,1
DA:12,1
DA:13,1
DA:14,1
DA:15,1
DA:16,1
DA:17,1
DA:18,1
DA:19,1
DA:20,1
DA:21,1
DA:22,1
DA:23,1
DA:24,1
DA:25,1
DA:26,1
DA:27,1
DA:28,1
DA:29,1
DA:30,1
DA:31,1
DA:32,1
DA:33,1
DA:34,1
DA:35,1
DA:36,1
DA:37,1
DA:38,1
DA:39,1
DA:40,1
DA:41,1
DA:42,1
DA:43,1
DA:44,1
DA:45,1
DA:46,1
DA:47,1
DA:48,1
DA:49,1
DA:50,1
DA:51,1
DA:52,1
DA:53,1
DA:54,1
DA:55,1
DA:56,1
DA:57,1
DA:58,1
DA:59,1
DA:60,1
DA:61,1
DA:62,1
DA:63,1
DA:64,1
DA:65,1
DA:66,1
DA:67,1
DA:68,1
DA:69,1
DA:70,1
DA:71,1
DA:72,1
DA:73,1
DA:74,1
DA:75,1
DA:76,1
DA:77,1
DA:78,1
DA:79,1
DA:80,1
DA:81,1
DA:82,1
DA:83,1
DA:84,1
DA:85,1
DA:86,1
DA:87,1
DA:88,1
DA:89,1
DA:90,1
DA:91,1
DA:92,1
DA:93,1
DA:94,1
DA:95,1
DA:96,1
DA:97,1
DA:98,1
DA:99,1
DA:100,1
DA:101,1
DA:102,1
DA:103,1
DA:104,1
DA:105,1
DA:106,1
DA:107,1
DA:108,1
DA:109,1
DA:110,1
DA:111,1
DA:112,1
DA:113,1
DA:114,1
DA:115,1
DA:116,1
DA:117,1
DA:118,1
DA:119,1
DA:120,1
DA:121,1
DA:122,1
DA:123,1
DA:124,1
DA:125,1
DA:126,1
DA:127,1
DA:128,1
DA:129,1
DA:130,1
DA:131,1
DA:132,1
DA:133,1
DA:134,1
DA:135,1
DA:136,1
DA:137,1
DA:138,1
DA:139,1
DA:140,1
DA:141,1
DA:142,1
DA:143,1
LF:143
LH:143
BRDA:1,0,0,57
BRDA:1,1,0,0
BRDA:1,2,0,45
BRDA:1,3,0,12
BRDA:1,4,0,810
BRDA:1,5,0,135
BRDA:1,6,0,675
BRDA:1,7,0,585
BRDA:1,8,0,540
BRDA:1,9,0,270
BRDA:1,10,0,270
BRDA:1,11,0,45
BRDA:1,12,0,4
BRDA:1,13,0,5400
BRDA:1,14,0,4725
BRDA:1,15,0,675
BRF:16
BRH:15
end_of_record
TN:
SF:src\components\Grid\functions\functions.ts
FN:9,createTable
FN:29,columns
FN:33,isHeader
FN:37,isHeaderLeaf
FN:45,isHidden
FN:58,alignment
FN:73,rowspan
FN:77,colspan
FN:81,groupLevel
FN:85,leftPadding
FN:89,sortDirectionClass
FN:99,sorted
FNF:12
FNH:12
FNDA:15,createTable
FNDA:16519,columns
FNDA:1072,isHeader
FNDA:1011,isHeaderLeaf
FNDA:5987,isHidden
FNDA:10532,alignment
FNDA:6276,rowspan
FNDA:6276,colspan
FNDA:5265,groupLevel
FNDA:5265,leftPadding
FNDA:273,sortDirectionClass
FNDA:4,sorted
DA:1,1
DA:2,1
DA:3,1
DA:4,1
DA:5,1
DA:6,1
DA:7,1
DA:8,1
DA:9,1
DA:10,15
DA:11,15
DA:12,15
DA:13,15
DA:14,15
DA:15,15
DA:16,270
DA:17,270
DA:18,195
DA:19,195
DA:20,195
DA:21,270
DA:22,270
DA:23,15
DA:24,15
DA:25,15
DA:26,15
DA:27,15
DA:28,1
DA:29,1
DA:30,16519
DA:31,16519
DA:32,1
DA:33,1
DA:34,1072
DA:35,1072
DA:36,1
DA:37,1
DA:38,1011
DA:39,1011
DA:40,1011
DA:41,1011
DA:42,1011
DA:43,1011
DA:44,1
DA:45,1
DA:46,5987
DA:47,5987
DA:48,5987
DA:49,587
DA:50,587
DA:51,587
DA:52,587
DA:53,5987
DA:54,5987
DA:55,5987
DA:56,5987
DA:57,1
DA:58,1
DA:59,10532
DA:60,10532
DA:61,10532
DA:62,10532
DA:63,10532
DA:64,1082
DA:65,1082
DA:66,1082
DA:67,1082
DA:68,10532
DA:69,10532
DA:70,10532
DA:71,10532
DA:72,1
DA:73,1
DA:74,6276
DA:75,6276
DA:76,1
DA:77,1
DA:78,6276
DA:79,6276
DA:80,1
DA:81,1
DA:82,5265
DA:83,5265
DA:84,1
DA:85,1
DA:86,5265
DA:87,5265
DA:88,1
DA:89,1
DA:90,273
DA:91,273
DA:92,273
DA:93,273
DA:94,273
DA:95,273
DA:96,273
DA:97,273
DA:98,1
DA:99,1
DA:100,4
DA:101,4
DA:102,4
DA:103,4
DA:104,4
DA:105,4
DA:106,4
DA:107,4
DA:108,0
DA:109,4
DA:110,4
DA:111,4
DA:112,4
DA:113,4
DA:114,134
DA:115,134
DA:116,134
DA:117,134
DA:118,134
DA:119,134
DA:120,28
DA:121,28
DA:122,134
DA:123,106
DA:124,106
DA:125,106
DA:126,15
DA:127,15
DA:128,106
DA:129,21
DA:130,21
DA:131,106
DA:132,4
DA:133,4
DA:134,106
DA:135,106
DA:136,5
DA:137,106
DA:138,57
DA:139,106
DA:140,106
DA:141,106
DA:142,106
DA:143,106
DA:144,106
DA:145,106
DA:146,106
DA:147,106
DA:148,106
DA:149,134
DA:150,134
DA:151,134
DA:152,4
DA:153,4
DA:154,4
DA:155,4
LF:155
LH:154
BRDA:9,0,0,15
BRDA:15,1,0,270
BRDA:17,2,0,195
BRDA:29,3,0,16519
BRDA:33,4,0,1072
BRDA:37,5,0,1011
BRDA:42,6,0,301
BRDA:42,7,0,710
BRDA:42,8,0,77
BRDA:45,9,0,5987
BRDA:48,10,0,587
BRDA:58,11,0,10532
BRDA:59,12,0,5267
BRDA:59,13,0,5265
BRDA:63,14,0,1082
BRDA:69,15,0,8100
BRDA:73,16,0,6276
BRDA:74,17,0,1551
BRDA:77,18,0,6276
BRDA:78,19,0,1551
BRDA:81,20,0,5265
BRDA:82,21,0,4095
BRDA:82,22,0,1170
BRDA:85,23,0,5265
BRDA:89,24,0,273
BRDA:99,25,0,4
BRDA:107,26,0,0
BRDA:113,27,0,134
BRDA:117,28,0,126
BRDA:119,29,0,28
BRDA:122,30,0,106
BRDA:125,31,0,36
BRDA:125,32,0,15
BRDA:128,33,0,21
BRDA:131,34,0,4
BRDA:135,35,0,5
BRDA:137,36,0,57
BRF:37
BRH:36
end_of_record
